<?xml version="1.0" encoding="UTF-8"?>
<testng-results ignored="0" total="2" passed="1" failed="1" skipped="0">
  <reporter-output>
  </reporter-output>
  <suite started-at="2023-06-30T10:36:37 IST" name="CST5354Suite" finished-at="2023-06-30T10:37:34 IST" duration-ms="56421">
    <groups>
    </groups>
    <test started-at="2023-06-30T10:36:37 IST" name="CST5354Test" finished-at="2023-06-30T10:37:34 IST" duration-ms="56421">
      <class name="tests.LoginTest">
        <test-method is-config="true" signature="loadPropertyFile()[pri:0, instance:tests.LoginTest@2b71e916]" started-at="2023-06-30T10:36:37 IST" name="loadPropertyFile" finished-at="2023-06-30T10:36:37 IST" duration-ms="23" status="PASS">
          <reporter-output>
          </reporter-output>
        </test-method> <!-- loadPropertyFile -->
        <test-method is-config="true" signature="tearUp()[pri:0, instance:tests.LoginTest@2b71e916]" started-at="2023-06-30T10:36:37 IST" name="tearUp" finished-at="2023-06-30T10:37:18 IST" duration-ms="40965" status="PASS">
          <reporter-output>
          </reporter-output>
        </test-method> <!-- tearUp -->
        <test-method signature="verifyLoginTitle(java.lang.String,java.lang.String)[pri:0, instance:tests.LoginTest@2b71e916]" started-at="2023-06-30T10:37:18 IST" name="verifyLoginTitle" data-provider="getData" finished-at="2023-06-30T10:37:33 IST" duration-ms="15076" status="FAIL">
          <params>
            <param index="0">
              <value>
                <![CDATA[Admin]]>
              </value>
            </param>
            <param index="1">
              <value>
                <![CDATA[admin123]]>
              </value>
            </param>
          </params>
          <exception class="org.openqa.selenium.NoSuchElementException">
            <message>
              <![CDATA[no such element: Unable to locate element: {"method":"css selector","selector":"*[name='username']"}
  (Session info: chrome=114.0.5735.135)
For documentation on this error, please visit: https://www.selenium.dev/documentation/webdriver/troubleshooting/errors#no-such-element-exception
Build info: version: '4.10.0', revision: 'c14d967899'
System info: os.name: 'Windows 11', os.arch: 'amd64', os.version: '10.0', java.version: '19.0.2'
Driver info: org.openqa.selenium.chrome.ChromeDriver
Command: [79c36fbb7d0d10f691318261ea54f45c, findElement {using=name, value=username}]
Capabilities {acceptInsecureCerts: false, browserName: chrome, browserVersion: 114.0.5735.135, chrome: {chromedriverVersion: 114.0.5735.90 (386bc09e8f4f..., userDataDir: C:\Users\adity\AppData\Loca...}, goog:chromeOptions: {debuggerAddress: localhost:64526}, networkConnectionEnabled: false, pageLoadStrategy: normal, platformName: windows, proxy: Proxy(), se:cdp: ws://localhost:64526/devtoo..., se:cdpVersion: 114.0.5735.135, setWindowRect: true, strictFileInteractability: false, timeouts: {implicit: 0, pageLoad: 300000, script: 30000}, unhandledPromptBehavior: dismiss and notify, webauthn:extension:credBlob: true, webauthn:extension:largeBlob: true, webauthn:extension:minPinLength: true, webauthn:extension:prf: true, webauthn:virtualAuthenticators: true}
Session ID: 79c36fbb7d0d10f691318261ea54f45c]]>
            </message>
            <full-stacktrace>
              <![CDATA[org.openqa.selenium.NoSuchElementException: no such element: Unable to locate element: {"method":"css selector","selector":"*[name='username']"}
  (Session info: chrome=114.0.5735.135)
For documentation on this error, please visit: https://www.selenium.dev/documentation/webdriver/troubleshooting/errors#no-such-element-exception
Build info: version: '4.10.0', revision: 'c14d967899'
System info: os.name: 'Windows 11', os.arch: 'amd64', os.version: '10.0', java.version: '19.0.2'
Driver info: org.openqa.selenium.chrome.ChromeDriver
Command: [79c36fbb7d0d10f691318261ea54f45c, findElement {using=name, value=username}]
Capabilities {acceptInsecureCerts: false, browserName: chrome, browserVersion: 114.0.5735.135, chrome: {chromedriverVersion: 114.0.5735.90 (386bc09e8f4f..., userDataDir: C:\Users\adity\AppData\Loca...}, goog:chromeOptions: {debuggerAddress: localhost:64526}, networkConnectionEnabled: false, pageLoadStrategy: normal, platformName: windows, proxy: Proxy(), se:cdp: ws://localhost:64526/devtoo..., se:cdpVersion: 114.0.5735.135, setWindowRect: true, strictFileInteractability: false, timeouts: {implicit: 0, pageLoad: 300000, script: 30000}, unhandledPromptBehavior: dismiss and notify, webauthn:extension:credBlob: true, webauthn:extension:largeBlob: true, webauthn:extension:minPinLength: true, webauthn:extension:prf: true, webauthn:virtualAuthenticators: true}
Session ID: 79c36fbb7d0d10f691318261ea54f45c
at java.base/jdk.internal.reflect.DirectConstructorHandleAccessor.newInstance(DirectConstructorHandleAccessor.java:67)
at java.base/java.lang.reflect.Constructor.newInstanceWithCaller(Constructor.java:500)
at java.base/java.lang.reflect.Constructor.newInstance(Constructor.java:484)
at org.openqa.selenium.remote.codec.w3c.W3CHttpResponseCodec.createException(W3CHttpResponseCodec.java:199)
at org.openqa.selenium.remote.codec.w3c.W3CHttpResponseCodec.decode(W3CHttpResponseCodec.java:132)
at org.openqa.selenium.remote.codec.w3c.W3CHttpResponseCodec.decode(W3CHttpResponseCodec.java:51)
at org.openqa.selenium.remote.HttpCommandExecutor.execute(HttpCommandExecutor.java:191)
at org.openqa.selenium.remote.service.DriverCommandExecutor.invokeExecute(DriverCommandExecutor.java:196)
at org.openqa.selenium.remote.service.DriverCommandExecutor.execute(DriverCommandExecutor.java:171)
at org.openqa.selenium.remote.RemoteWebDriver.execute(RemoteWebDriver.java:531)
at org.openqa.selenium.remote.ElementLocation$ElementFinder$2.findElement(ElementLocation.java:165)
at org.openqa.selenium.remote.ElementLocation.findElement(ElementLocation.java:66)
at org.openqa.selenium.remote.RemoteWebDriver.findElement(RemoteWebDriver.java:350)
at org.openqa.selenium.remote.RemoteWebDriver.findElement(RemoteWebDriver.java:344)
at pages.LoginPage.setUserName(LoginPage.java:18)
at pages.LoginPage.loginAppl(LoginPage.java:31)
at tests.LoginTest.verifyLoginTitle(LoginTest.java:23)
at java.base/jdk.internal.reflect.DirectMethodHandleAccessor.invoke(DirectMethodHandleAccessor.java:104)
at java.base/java.lang.reflect.Method.invoke(Method.java:578)
at org.testng.internal.invokers.MethodInvocationHelper.invokeMethod(MethodInvocationHelper.java:139)
at org.testng.internal.invokers.TestInvoker.invokeMethod(TestInvoker.java:664)
at org.testng.internal.invokers.TestInvoker.invokeTestMethod(TestInvoker.java:227)
at org.testng.internal.invokers.MethodRunner.runInSequence(MethodRunner.java:50)
at org.testng.internal.invokers.TestInvoker$MethodInvocationAgent.invoke(TestInvoker.java:957)
at org.testng.internal.invokers.TestInvoker.invokeTestMethods(TestInvoker.java:200)
at org.testng.internal.invokers.TestMethodWorker.invokeTestMethods(TestMethodWorker.java:148)
at org.testng.internal.invokers.TestMethodWorker.run(TestMethodWorker.java:128)
at java.base/java.util.concurrent.ThreadPoolExecutor.runWorker(ThreadPoolExecutor.java:1144)
at java.base/java.util.concurrent.ThreadPoolExecutor$Worker.run(ThreadPoolExecutor.java:642)
at java.base/java.lang.Thread.run(Thread.java:1589)
]]>
            </full-stacktrace>
          </exception> <!-- org.openqa.selenium.NoSuchElementException -->
          <reporter-output>
          </reporter-output>
        </test-method> <!-- verifyLoginTitle -->
        <test-method is-config="true" signature="tearDown()[pri:0, instance:tests.LoginTest@2b71e916]" started-at="2023-06-30T10:37:33 IST" name="tearDown" finished-at="2023-06-30T10:37:34 IST" duration-ms="318" status="PASS">
          <reporter-output>
          </reporter-output>
        </test-method> <!-- tearDown -->
      </class> <!-- tests.LoginTest -->
      <class name="tests.LoginTest2">
        <test-method is-config="true" signature="tearUp()[pri:0, instance:tests.LoginTest2@5b7a5baa]" started-at="2023-06-30T10:36:37 IST" name="tearUp" finished-at="2023-06-30T10:37:19 IST" duration-ms="41895" status="PASS">
          <reporter-output>
          </reporter-output>
        </test-method> <!-- tearUp -->
        <test-method signature="verifyLoginUrl()[pri:0, instance:tests.LoginTest2@5b7a5baa]" started-at="2023-06-30T10:37:19 IST" name="verifyLoginUrl" finished-at="2023-06-30T10:37:21 IST" duration-ms="2086" status="PASS">
          <reporter-output>
          </reporter-output>
        </test-method> <!-- verifyLoginUrl -->
        <test-method is-config="true" signature="tearDown()[pri:0, instance:tests.LoginTest2@5b7a5baa]" started-at="2023-06-30T10:37:21 IST" name="tearDown" finished-at="2023-06-30T10:37:22 IST" duration-ms="297" status="PASS">
          <reporter-output>
          </reporter-output>
        </test-method> <!-- tearDown -->
      </class> <!-- tests.LoginTest2 -->
    </test> <!-- CST5354Test -->
  </suite> <!-- CST5354Suite -->
</testng-results>
